<?xml version="1.0" encoding="UTF-8"?>
<testng-results skipped="0" failed="0" ignored="0" total="3" passed="3">
  <reporter-output>
  </reporter-output>
  <suite name="Default suite" duration-ms="250863" started-at="2020-01-04T20:00:35 IST" finished-at="2020-01-04T20:04:46 IST">
    <groups>
    </groups>
    <test name="Default test" duration-ms="250863" started-at="2020-01-04T20:00:35 IST" finished-at="2020-01-04T20:04:46 IST">
      <class name="com.ibm.automation.testing.Magento">
        <test-method status="PASS" signature="bm()[pri:0, instance:com.ibm.automation.testing.Magento@68bbe345]" name="bm" is-config="true" duration-ms="14802" started-at="2020-01-04T20:00:35 IST" finished-at="2020-01-04T20:00:50 IST">
          <reporter-output>
          </reporter-output>
        </test-method> <!-- bm -->
        <test-method status="PASS" signature="register()[pri:0, instance:com.ibm.automation.testing.Magento@68bbe345]" name="register" duration-ms="85998" started-at="2020-01-04T20:00:50 IST" finished-at="2020-01-04T20:02:16 IST">
          <reporter-output>
          </reporter-output>
        </test-method> <!-- register -->
        <test-method status="PASS" signature="am()[pri:0, instance:com.ibm.automation.testing.Magento@68bbe345]" name="am" is-config="true" duration-ms="1127" started-at="2020-01-04T20:02:16 IST" finished-at="2020-01-04T20:02:17 IST">
          <reporter-output>
          </reporter-output>
        </test-method> <!-- am -->
        <test-method status="PASS" signature="bm()[pri:0, instance:com.ibm.automation.testing.Magento@68bbe345]" name="bm" is-config="true" duration-ms="13296" started-at="2020-01-04T20:02:17 IST" finished-at="2020-01-04T20:02:30 IST">
          <reporter-output>
          </reporter-output>
        </test-method> <!-- bm -->
        <test-method status="PASS" signature="negativeLogin()[pri:0, instance:com.ibm.automation.testing.Magento@68bbe345]" name="negativeLogin" duration-ms="63982" started-at="2020-01-04T20:02:30 IST" finished-at="2020-01-04T20:03:34 IST">
          <reporter-output>
          </reporter-output>
        </test-method> <!-- negativeLogin -->
        <test-method status="PASS" signature="am()[pri:0, instance:com.ibm.automation.testing.Magento@68bbe345]" name="am" is-config="true" duration-ms="1005" started-at="2020-01-04T20:03:34 IST" finished-at="2020-01-04T20:03:35 IST">
          <reporter-output>
          </reporter-output>
        </test-method> <!-- am -->
        <test-method status="PASS" signature="bm()[pri:0, instance:com.ibm.automation.testing.Magento@68bbe345]" name="bm" is-config="true" duration-ms="14181" started-at="2020-01-04T20:03:35 IST" finished-at="2020-01-04T20:03:50 IST">
          <reporter-output>
          </reporter-output>
        </test-method> <!-- bm -->
        <test-method status="PASS" signature="positiveLogin()[pri:0, instance:com.ibm.automation.testing.Magento@68bbe345]" name="positiveLogin" duration-ms="55449" started-at="2020-01-04T20:03:50 IST" depends-on-methods="com.ibm.automation.testing.Magento.register" finished-at="2020-01-04T20:04:45 IST">
          <reporter-output>
          </reporter-output>
        </test-method> <!-- positiveLogin -->
        <test-method status="PASS" signature="am()[pri:0, instance:com.ibm.automation.testing.Magento@68bbe345]" name="am" is-config="true" duration-ms="960" started-at="2020-01-04T20:04:45 IST" finished-at="2020-01-04T20:04:46 IST">
          <reporter-output>
          </reporter-output>
        </test-method> <!-- am -->
      </class> <!-- com.ibm.automation.testing.Magento -->
    </test> <!-- Default test -->
  </suite> <!-- Default suite -->
</testng-results>
