<?xml version="1.0" encoding="UTF-8"?>
<!-- Generated by org.testng.reporters.JUnitXMLReporter -->
<testsuite hostname="DESKTOP-5IAPKIA" ignored="0" name="com.ibm.automation.testing" tests="4" failures="0" timestamp="2020-01-02T16:10:09 IST" time="126.418" errors="0">
  <testcase name="register" time="11.834" classname="com.ibm.automation.testing.Magento"/>
  <testcase name="negativeLogin" time="17.299" classname="com.ibm.automation.testing.Magento"/>
  <testcase name="positiveLogin" time="16.062" classname="com.ibm.automation.testing.Magento"/>
  <testcase name="selectCity" time="15.909" classname="com.ibm.automation.testing.SpiceJet"/>
</testsuite> <!-- com.ibm.automation.testing -->
