<?xml version="1.0" encoding="UTF-8"?>
<!-- Generated by org.testng.reporters.JUnitXMLReporter -->
<testsuite hostname="DESKTOP-5IAPKIA" ignored="0" name="Default test" tests="4" failures="0" timestamp="2020-01-02T20:58:33 IST" time="125.2" errors="0">
  <testcase name="selectCity" time="17.689" classname="com.ibm.automation.testing.SpiceJet"/>
  <testcase name="register" time="10.613" classname="com.ibm.automation.testing.Magento"/>
  <testcase name="negativeLogin" time="14.896" classname="com.ibm.automation.testing.Magento"/>
  <testcase name="positiveLogin" time="17.139" classname="com.ibm.automation.testing.Magento"/>
</testsuite> <!-- Default test -->
