<?xml version="1.0" encoding="UTF-8"?>
<!-- Generated by org.testng.reporters.JUnitXMLReporter -->
<testsuite hostname="DESKTOP-5IAPKIA" ignored="0" name="Default test" tests="3" failures="0" timestamp="2020-01-04T20:04:46 IST" time="250.863" errors="0">
  <testcase name="register" time="85.998" classname="com.ibm.automation.testing.Magento"/>
  <testcase name="negativeLogin" time="63.982" classname="com.ibm.automation.testing.Magento"/>
  <testcase name="positiveLogin" time="55.449" classname="com.ibm.automation.testing.Magento"/>
</testsuite> <!-- Default test -->
