<?xml version="1.0" encoding="UTF-8"?>
<!-- Generated by org.testng.reporters.JUnitXMLReporter -->
<testsuite hostname="DESKTOP-5IAPKIA" ignored="0" name="all-tests" tests="4" failures="0" timestamp="2020-01-02T16:14:30 IST" time="133.51" errors="0">
  <testcase name="register" time="10.846" classname="com.ibm.automation.testing.Magento"/>
  <testcase name="negativeLogin" time="17.424" classname="com.ibm.automation.testing.Magento"/>
  <testcase name="positiveLogin" time="15.984" classname="com.ibm.automation.testing.Magento"/>
  <testcase name="selectCity" time="20.831" classname="com.ibm.automation.testing.SpiceJet"/>
</testsuite> <!-- all-tests -->
